2022-04-08 12:52:37.6987 INFO Application started. Press Ctrl+C to shut down.
2022-04-08 12:52:37.7640 INFO Hosting environment: Development
2022-04-08 12:52:37.7837 INFO Content root path: C:\Users\prati\source\repos\FundooNotes\FundooNotes
2022-04-08 13:46:12.7514 INFO Application started. Press Ctrl+C to shut down.
2022-04-08 13:46:12.8076 INFO Hosting environment: Development
2022-04-08 13:46:12.8076 INFO Content root path: C:\Users\prati\source\repos\FundooNotes\FundooNotes
2022-04-08 13:46:12.8847 WARN Connection Failed: rabbitmq://localhost/
2022-04-08 13:46:12.9888 INFO Bus stopped: rabbitmq://localhost/
2022-04-08 18:22:11.2590 INFO Application started. Press Ctrl+C to shut down.
2022-04-08 18:22:11.2590 WARN Connection Failed: rabbitmq://localhost/
2022-04-08 18:22:11.2984 INFO Hosting environment: Development
2022-04-08 18:22:11.2984 INFO Content root path: C:\Users\prati\source\repos\FundooNotes\FundooNotes
2022-04-08 18:22:11.3907 INFO Bus stopped: rabbitmq://localhost/
2022-04-08 18:42:02.2797 WARN Connection Failed: rabbitmq://localhost/
2022-04-08 18:42:02.3397 INFO Application started. Press Ctrl+C to shut down.
2022-04-08 18:42:02.3656 INFO Hosting environment: Development
2022-04-08 18:42:02.3656 INFO Content root path: C:\Users\prati\source\repos\FundooNotes\FundooNotes
2022-04-08 18:42:02.5804 INFO Bus stopped: rabbitmq://localhost/
2022-04-08 18:44:24.4758 WARN Connection Failed: rabbitmq://localhost/
2022-04-08 18:44:24.4758 INFO Application started. Press Ctrl+C to shut down.
2022-04-08 18:44:24.5134 INFO Hosting environment: Development
2022-04-08 18:44:24.5215 INFO Content root path: C:\Users\prati\source\repos\FundooNotes\FundooNotes
2022-04-08 18:44:24.6130 INFO Bus stopped: rabbitmq://localhost/
2022-04-08 18:49:16.2332 INFO Application started. Press Ctrl+C to shut down.
2022-04-08 18:49:16.2332 WARN Connection Failed: rabbitmq://localhost/
2022-04-08 18:49:16.2773 INFO Hosting environment: Development
2022-04-08 18:49:16.2773 INFO Content root path: C:\Users\prati\source\repos\FundooNotes\FundooNotes
2022-04-08 18:49:16.3933 INFO Bus stopped: rabbitmq://localhost/
2022-04-08 19:05:08.5329 WARN Connection Failed: rabbitmq://localhost/
2022-04-08 19:05:08.5486 INFO Application started. Press Ctrl+C to shut down.
2022-04-08 19:05:08.5789 INFO Hosting environment: Development
2022-04-08 19:05:08.5789 INFO Content root path: C:\Users\prati\source\repos\FundooNotes\FundooNotes
2022-04-08 19:05:08.6451 INFO Bus stopped: rabbitmq://localhost/
2022-04-08 19:29:07.5839 WARN Connection Failed: rabbitmq://localhost/
2022-04-08 19:29:07.6015 INFO Application started. Press Ctrl+C to shut down.
2022-04-08 19:29:07.6674 INFO Hosting environment: Development
2022-04-08 19:29:07.8021 INFO Content root path: C:\Users\prati\source\repos\FundooNotes\FundooNotes
2022-04-08 19:29:07.8913 INFO Bus stopped: rabbitmq://localhost/
2022-04-08 19:44:01.7755 WARN Connection Failed: rabbitmq://localhost/
2022-04-08 19:44:01.7755 INFO Application started. Press Ctrl+C to shut down.
2022-04-08 19:44:01.8226 INFO Hosting environment: Development
2022-04-08 19:44:01.8226 INFO Content root path: C:\Users\prati\source\repos\FundooNotes\FundooNotes
2022-04-08 19:44:01.8969 INFO Bus stopped: rabbitmq://localhost/
2022-04-08 19:47:48.5859 INFO Application started. Press Ctrl+C to shut down.
2022-04-08 19:47:48.5859 WARN Connection Failed: rabbitmq://localhost/
2022-04-08 19:47:48.6197 INFO Hosting environment: Development
2022-04-08 19:47:48.6197 INFO Content root path: C:\Users\prati\source\repos\FundooNotes\FundooNotes
2022-04-08 19:47:48.6941 INFO Bus stopped: rabbitmq://localhost/
